# Logfile created on 2014-10-06 21:24:19 -0600 by logger.rb/44203
I, [2014-10-06T21:24:19.236836 #27492]  INFO -- : *** Below you'll find the most recent exception thrown, this will likely (but not certainly) be the exception that made your application exit abnormally ***
E, [2014-10-06T21:24:19.236871 #27492] ERROR -- : cannot load such file -- mocha/standalone (LoadError)
/home/bradleyd/.rvm/gems/ruby-2.1.2@wameku_config_consumer/gems/rspec-core-3.1.5/lib/rspec/core/mocking_adapters/mocha.rb:23:in `require'
/home/bradleyd/.rvm/gems/ruby-2.1.2@wameku_config_consumer/gems/rspec-core-3.1.5/lib/rspec/core/mocking_adapters/mocha.rb:23:in `rescue in <top (required)>'
/home/bradleyd/.rvm/gems/ruby-2.1.2@wameku_config_consumer/gems/rspec-core-3.1.5/lib/rspec/core/mocking_adapters/mocha.rb:14:in `<top (required)>'
/home/bradleyd/.rvm/gems/ruby-2.1.2@wameku_config_consumer/gems/rspec-core-3.1.5/lib/rspec/core.rb:10:in `require_relative'
/home/bradleyd/.rvm/gems/ruby-2.1.2@wameku_config_consumer/gems/rspec-core-3.1.5/lib/rspec/core.rb:10:in `block in <top (required)>'
/home/bradleyd/.rvm/gems/ruby-2.1.2@wameku_config_consumer/gems/rspec-support-3.1.1/lib/rspec/support.rb:19:in `call'
/home/bradleyd/.rvm/gems/ruby-2.1.2@wameku_config_consumer/gems/rspec-support-3.1.1/lib/rspec/support.rb:19:in `block in define_optimized_require_for_rspec'
/home/bradleyd/.rvm/gems/ruby-2.1.2@wameku_config_consumer/gems/rspec-core-3.1.5/lib/rspec/core/configuration.rb:505:in `mock_with'
/home/bradleyd/Projects/config_consumer/spec/spec_helper.rb:19:in `block in <top (required)>'
/home/bradleyd/.rvm/gems/ruby-2.1.2@wameku_config_consumer/gems/rspec-core-3.1.5/lib/rspec/core.rb:81:in `configure'
/home/bradleyd/Projects/config_consumer/spec/spec_helper.rb:13:in `<top (required)>'
/home/bradleyd/.rvm/rubies/ruby-2.1.2/lib/ruby/2.1.0/rubygems/core_ext/kernel_require.rb:55:in `require'
/home/bradleyd/.rvm/rubies/ruby-2.1.2/lib/ruby/2.1.0/rubygems/core_ext/kernel_require.rb:55:in `require'
/home/bradleyd/Projects/config_consumer/spec/config_consumer_spec.rb:1:in `<top (required)>'
/home/bradleyd/.rvm/gems/ruby-2.1.2@wameku_config_consumer/gems/rspec-core-3.1.5/lib/rspec/core/configuration.rb:1105:in `load'
/home/bradleyd/.rvm/gems/ruby-2.1.2@wameku_config_consumer/gems/rspec-core-3.1.5/lib/rspec/core/configuration.rb:1105:in `block in load_spec_files'
/home/bradleyd/.rvm/gems/ruby-2.1.2@wameku_config_consumer/gems/rspec-core-3.1.5/lib/rspec/core/configuration.rb:1105:in `each'
/home/bradleyd/.rvm/gems/ruby-2.1.2@wameku_config_consumer/gems/rspec-core-3.1.5/lib/rspec/core/configuration.rb:1105:in `load_spec_files'
/home/bradleyd/.rvm/gems/ruby-2.1.2@wameku_config_consumer/gems/rspec-core-3.1.5/lib/rspec/core/runner.rb:96:in `setup'
/home/bradleyd/.rvm/gems/ruby-2.1.2@wameku_config_consumer/gems/rspec-core-3.1.5/lib/rspec/core/runner.rb:84:in `run'
/home/bradleyd/.rvm/gems/ruby-2.1.2@wameku_config_consumer/gems/rspec-core-3.1.5/lib/rspec/core/runner.rb:69:in `run'
/home/bradleyd/.rvm/gems/ruby-2.1.2@wameku_config_consumer/gems/rspec-core-3.1.5/lib/rspec/core/runner.rb:37:in `invoke'
/home/bradleyd/.rvm/gems/ruby-2.1.2@wameku_config_consumer/gems/rspec-core-3.1.5/exe/rspec:4:in `<top (required)>'
/home/bradleyd/.rvm/gems/ruby-2.1.2@wameku_config_consumer/bin/rspec:23:in `load'
/home/bradleyd/.rvm/gems/ruby-2.1.2@wameku_config_consumer/bin/rspec:23:in `<main>'
I, [2014-10-06T21:24:19.236942 #27492]  INFO -- : *** Below you'll find all the exception objects in memory, some of them may have been thrown in your application, others may just be in memory because they are standard exceptions ***
E, [2014-10-06T21:24:19.238414 #27492] ERROR -- : stream closed (IOError)

E, [2014-10-06T21:24:19.238550 #27492] ERROR -- : failed to allocate memory (NoMemoryError)

E, [2014-10-06T21:24:19.238596 #27492] ERROR -- : stack level too deep (SystemStackError)

E, [2014-10-06T21:24:19.238753 #27492] ERROR -- : exception reentered (fatal)

E, [2014-10-06T21:24:19.239686 #27492] ERROR -- : cannot load such file -- bundler/setup (LoadError)
/home/bradleyd/.rvm/rubies/ruby-2.1.2/lib/ruby/2.1.0/rubygems/core_ext/kernel_require.rb:55:in `require'
/home/bradleyd/.rvm/rubies/ruby-2.1.2/lib/ruby/2.1.0/rubygems/core_ext/kernel_require.rb:55:in `require'
/home/bradleyd/Projects/config_consumer/config/boot.rb:7:in `<top (required)>'
/home/bradleyd/.rvm/rubies/ruby-2.1.2/lib/ruby/2.1.0/rubygems/core_ext/kernel_require.rb:55:in `require'
/home/bradleyd/.rvm/rubies/ruby-2.1.2/lib/ruby/2.1.0/rubygems/core_ext/kernel_require.rb:55:in `require'
/home/bradleyd/Projects/config_consumer/config/environment.rb:7:in `<top (required)>'
/home/bradleyd/.rvm/rubies/ruby-2.1.2/lib/ruby/2.1.0/rubygems/core_ext/kernel_require.rb:55:in `require'
/home/bradleyd/.rvm/rubies/ruby-2.1.2/lib/ruby/2.1.0/rubygems/core_ext/kernel_require.rb:55:in `require'
/home/bradleyd/Projects/config_consumer/spec/spec_helper.rb:10:in `<top (required)>'
/home/bradleyd/.rvm/rubies/ruby-2.1.2/lib/ruby/2.1.0/rubygems/core_ext/kernel_require.rb:55:in `require'
/home/bradleyd/.rvm/rubies/ruby-2.1.2/lib/ruby/2.1.0/rubygems/core_ext/kernel_require.rb:55:in `require'
/home/bradleyd/Projects/config_consumer/spec/config_consumer_spec.rb:1:in `<top (required)>'
/home/bradleyd/.rvm/gems/ruby-2.1.2@wameku_config_consumer/gems/rspec-core-3.1.5/lib/rspec/core/configuration.rb:1105:in `load'
/home/bradleyd/.rvm/gems/ruby-2.1.2@wameku_config_consumer/gems/rspec-core-3.1.5/lib/rspec/core/configuration.rb:1105:in `block in load_spec_files'
/home/bradleyd/.rvm/gems/ruby-2.1.2@wameku_config_consumer/gems/rspec-core-3.1.5/lib/rspec/core/configuration.rb:1105:in `each'
/home/bradleyd/.rvm/gems/ruby-2.1.2@wameku_config_consumer/gems/rspec-core-3.1.5/lib/rspec/core/configuration.rb:1105:in `load_spec_files'
/home/bradleyd/.rvm/gems/ruby-2.1.2@wameku_config_consumer/gems/rspec-core-3.1.5/lib/rspec/core/runner.rb:96:in `setup'
/home/bradleyd/.rvm/gems/ruby-2.1.2@wameku_config_consumer/gems/rspec-core-3.1.5/lib/rspec/core/runner.rb:84:in `run'
/home/bradleyd/.rvm/gems/ruby-2.1.2@wameku_config_consumer/gems/rspec-core-3.1.5/lib/rspec/core/runner.rb:69:in `run'
/home/bradleyd/.rvm/gems/ruby-2.1.2@wameku_config_consumer/gems/rspec-core-3.1.5/lib/rspec/core/runner.rb:37:in `invoke'
/home/bradleyd/.rvm/gems/ruby-2.1.2@wameku_config_consumer/gems/rspec-core-3.1.5/exe/rspec:4:in `<top (required)>'
/home/bradleyd/.rvm/gems/ruby-2.1.2@wameku_config_consumer/bin/rspec:23:in `load'
/home/bradleyd/.rvm/gems/ruby-2.1.2@wameku_config_consumer/bin/rspec:23:in `<main>'
E, [2014-10-06T21:24:19.241873 #27492] ERROR -- : No such file or directory @ rb_sysopen - /home/bradleyd/Projects/config_consumer/log/backtrace-20141006212419-27492.log (Errno::ENOENT)
/home/bradleyd/.rvm/rubies/ruby-2.1.2/lib/ruby/2.1.0/logger.rb:592:in `initialize'
/home/bradleyd/.rvm/rubies/ruby-2.1.2/lib/ruby/2.1.0/logger.rb:592:in `open'
/home/bradleyd/.rvm/rubies/ruby-2.1.2/lib/ruby/2.1.0/logger.rb:592:in `open_logfile'
/home/bradleyd/.rvm/rubies/ruby-2.1.2/lib/ruby/2.1.0/logger.rb:549:in `initialize'
/home/bradleyd/.rvm/rubies/ruby-2.1.2/lib/ruby/2.1.0/logger.rb:318:in `new'
/home/bradleyd/.rvm/rubies/ruby-2.1.2/lib/ruby/2.1.0/logger.rb:318:in `initialize'
/home/bradleyd/.rvm/gems/ruby-2.1.2@wameku_config_consumer/gems/safely-0.3.2/lib/safely/backtrace.rb:24:in `new'
/home/bradleyd/.rvm/gems/ruby-2.1.2@wameku_config_consumer/gems/safely-0.3.2/lib/safely/backtrace.rb:24:in `log_exceptions'
/home/bradleyd/.rvm/gems/ruby-2.1.2@wameku_config_consumer/gems/safely-0.3.2/lib/safely/backtrace.rb:10:in `block in enable!'
E, [2014-10-06T21:24:19.241955 #27492] ERROR -- : cannot load such file -- mocha/standalone (LoadError)
/home/bradleyd/.rvm/gems/ruby-2.1.2@wameku_config_consumer/gems/rspec-core-3.1.5/lib/rspec/core/mocking_adapters/mocha.rb:23:in `require'
/home/bradleyd/.rvm/gems/ruby-2.1.2@wameku_config_consumer/gems/rspec-core-3.1.5/lib/rspec/core/mocking_adapters/mocha.rb:23:in `rescue in <top (required)>'
/home/bradleyd/.rvm/gems/ruby-2.1.2@wameku_config_consumer/gems/rspec-core-3.1.5/lib/rspec/core/mocking_adapters/mocha.rb:14:in `<top (required)>'
/home/bradleyd/.rvm/gems/ruby-2.1.2@wameku_config_consumer/gems/rspec-core-3.1.5/lib/rspec/core.rb:10:in `require_relative'
/home/bradleyd/.rvm/gems/ruby-2.1.2@wameku_config_consumer/gems/rspec-core-3.1.5/lib/rspec/core.rb:10:in `block in <top (required)>'
/home/bradleyd/.rvm/gems/ruby-2.1.2@wameku_config_consumer/gems/rspec-support-3.1.1/lib/rspec/support.rb:19:in `call'
/home/bradleyd/.rvm/gems/ruby-2.1.2@wameku_config_consumer/gems/rspec-support-3.1.1/lib/rspec/support.rb:19:in `block in define_optimized_require_for_rspec'
/home/bradleyd/.rvm/gems/ruby-2.1.2@wameku_config_consumer/gems/rspec-core-3.1.5/lib/rspec/core/configuration.rb:505:in `mock_with'
/home/bradleyd/Projects/config_consumer/spec/spec_helper.rb:19:in `block in <top (required)>'
/home/bradleyd/.rvm/gems/ruby-2.1.2@wameku_config_consumer/gems/rspec-core-3.1.5/lib/rspec/core.rb:81:in `configure'
/home/bradleyd/Projects/config_consumer/spec/spec_helper.rb:13:in `<top (required)>'
/home/bradleyd/.rvm/rubies/ruby-2.1.2/lib/ruby/2.1.0/rubygems/core_ext/kernel_require.rb:55:in `require'
/home/bradleyd/.rvm/rubies/ruby-2.1.2/lib/ruby/2.1.0/rubygems/core_ext/kernel_require.rb:55:in `require'
/home/bradleyd/Projects/config_consumer/spec/config_consumer_spec.rb:1:in `<top (required)>'
/home/bradleyd/.rvm/gems/ruby-2.1.2@wameku_config_consumer/gems/rspec-core-3.1.5/lib/rspec/core/configuration.rb:1105:in `load'
/home/bradleyd/.rvm/gems/ruby-2.1.2@wameku_config_consumer/gems/rspec-core-3.1.5/lib/rspec/core/configuration.rb:1105:in `block in load_spec_files'
/home/bradleyd/.rvm/gems/ruby-2.1.2@wameku_config_consumer/gems/rspec-core-3.1.5/lib/rspec/core/configuration.rb:1105:in `each'
/home/bradleyd/.rvm/gems/ruby-2.1.2@wameku_config_consumer/gems/rspec-core-3.1.5/lib/rspec/core/configuration.rb:1105:in `load_spec_files'
/home/bradleyd/.rvm/gems/ruby-2.1.2@wameku_config_consumer/gems/rspec-core-3.1.5/lib/rspec/core/runner.rb:96:in `setup'
/home/bradleyd/.rvm/gems/ruby-2.1.2@wameku_config_consumer/gems/rspec-core-3.1.5/lib/rspec/core/runner.rb:84:in `run'
/home/bradleyd/.rvm/gems/ruby-2.1.2@wameku_config_consumer/gems/rspec-core-3.1.5/lib/rspec/core/runner.rb:69:in `run'
/home/bradleyd/.rvm/gems/ruby-2.1.2@wameku_config_consumer/gems/rspec-core-3.1.5/lib/rspec/core/runner.rb:37:in `invoke'
/home/bradleyd/.rvm/gems/ruby-2.1.2@wameku_config_consumer/gems/rspec-core-3.1.5/exe/rspec:4:in `<top (required)>'
/home/bradleyd/.rvm/gems/ruby-2.1.2@wameku_config_consumer/bin/rspec:23:in `load'
/home/bradleyd/.rvm/gems/ruby-2.1.2@wameku_config_consumer/bin/rspec:23:in `<main>'
E, [2014-10-06T21:24:19.241998 #27492] ERROR -- : cannot load such file -- mocha/api (LoadError)
/home/bradleyd/.rvm/gems/ruby-2.1.2@wameku_config_consumer/gems/rspec-core-3.1.5/lib/rspec/core/mocking_adapters/mocha.rb:15:in `require'
/home/bradleyd/.rvm/gems/ruby-2.1.2@wameku_config_consumer/gems/rspec-core-3.1.5/lib/rspec/core/mocking_adapters/mocha.rb:15:in `<top (required)>'
/home/bradleyd/.rvm/gems/ruby-2.1.2@wameku_config_consumer/gems/rspec-core-3.1.5/lib/rspec/core.rb:10:in `require_relative'
/home/bradleyd/.rvm/gems/ruby-2.1.2@wameku_config_consumer/gems/rspec-core-3.1.5/lib/rspec/core.rb:10:in `block in <top (required)>'
/home/bradleyd/.rvm/gems/ruby-2.1.2@wameku_config_consumer/gems/rspec-support-3.1.1/lib/rspec/support.rb:19:in `call'
/home/bradleyd/.rvm/gems/ruby-2.1.2@wameku_config_consumer/gems/rspec-support-3.1.1/lib/rspec/support.rb:19:in `block in define_optimized_require_for_rspec'
/home/bradleyd/.rvm/gems/ruby-2.1.2@wameku_config_consumer/gems/rspec-core-3.1.5/lib/rspec/core/configuration.rb:505:in `mock_with'
/home/bradleyd/Projects/config_consumer/spec/spec_helper.rb:19:in `block in <top (required)>'
/home/bradleyd/.rvm/gems/ruby-2.1.2@wameku_config_consumer/gems/rspec-core-3.1.5/lib/rspec/core.rb:81:in `configure'
/home/bradleyd/Projects/config_consumer/spec/spec_helper.rb:13:in `<top (required)>'
/home/bradleyd/.rvm/rubies/ruby-2.1.2/lib/ruby/2.1.0/rubygems/core_ext/kernel_require.rb:55:in `require'
/home/bradleyd/.rvm/rubies/ruby-2.1.2/lib/ruby/2.1.0/rubygems/core_ext/kernel_require.rb:55:in `require'
/home/bradleyd/Projects/config_consumer/spec/config_consumer_spec.rb:1:in `<top (required)>'
/home/bradleyd/.rvm/gems/ruby-2.1.2@wameku_config_consumer/gems/rspec-core-3.1.5/lib/rspec/core/configuration.rb:1105:in `load'
/home/bradleyd/.rvm/gems/ruby-2.1.2@wameku_config_consumer/gems/rspec-core-3.1.5/lib/rspec/core/configuration.rb:1105:in `block in load_spec_files'
/home/bradleyd/.rvm/gems/ruby-2.1.2@wameku_config_consumer/gems/rspec-core-3.1.5/lib/rspec/core/configuration.rb:1105:in `each'
/home/bradleyd/.rvm/gems/ruby-2.1.2@wameku_config_consumer/gems/rspec-core-3.1.5/lib/rspec/core/configuration.rb:1105:in `load_spec_files'
/home/bradleyd/.rvm/gems/ruby-2.1.2@wameku_config_consumer/gems/rspec-core-3.1.5/lib/rspec/core/runner.rb:96:in `setup'
/home/bradleyd/.rvm/gems/ruby-2.1.2@wameku_config_consumer/gems/rspec-core-3.1.5/lib/rspec/core/runner.rb:84:in `run'
/home/bradleyd/.rvm/gems/ruby-2.1.2@wameku_config_consumer/gems/rspec-core-3.1.5/lib/rspec/core/runner.rb:69:in `run'
/home/bradleyd/.rvm/gems/ruby-2.1.2@wameku_config_consumer/gems/rspec-core-3.1.5/lib/rspec/core/runner.rb:37:in `invoke'
/home/bradleyd/.rvm/gems/ruby-2.1.2@wameku_config_consumer/gems/rspec-core-3.1.5/exe/rspec:4:in `<top (required)>'
/home/bradleyd/.rvm/gems/ruby-2.1.2@wameku_config_consumer/bin/rspec:23:in `load'
/home/bradleyd/.rvm/gems/ruby-2.1.2@wameku_config_consumer/bin/rspec:23:in `<main>'
E, [2014-10-06T21:24:19.242219 #27492] ERROR -- : No such file or directory @ rb_sysopen - /home/bradleyd/Projects/config_consumer/log/test.log (Errno::ENOENT)
/home/bradleyd/.rvm/rubies/ruby-2.1.2/lib/ruby/2.1.0/logger.rb:592:in `initialize'
/home/bradleyd/.rvm/rubies/ruby-2.1.2/lib/ruby/2.1.0/logger.rb:592:in `open'
/home/bradleyd/.rvm/rubies/ruby-2.1.2/lib/ruby/2.1.0/logger.rb:592:in `open_logfile'
/home/bradleyd/.rvm/rubies/ruby-2.1.2/lib/ruby/2.1.0/logger.rb:549:in `initialize'
/home/bradleyd/.rvm/rubies/ruby-2.1.2/lib/ruby/2.1.0/logger.rb:318:in `new'
/home/bradleyd/.rvm/rubies/ruby-2.1.2/lib/ruby/2.1.0/logger.rb:318:in `initialize'
/home/bradleyd/.rvm/gems/ruby-2.1.2@wameku_config_consumer/gems/daemon-kit-0.3.1/lib/daemon_kit/abstract_logger.rb:208:in `new'
/home/bradleyd/.rvm/gems/ruby-2.1.2@wameku_config_consumer/gems/daemon-kit-0.3.1/lib/daemon_kit/abstract_logger.rb:208:in `create_standard_logger'
/home/bradleyd/.rvm/gems/ruby-2.1.2@wameku_config_consumer/gems/daemon-kit-0.3.1/lib/daemon_kit/abstract_logger.rb:191:in `create_logger'
/home/bradleyd/.rvm/gems/ruby-2.1.2@wameku_config_consumer/gems/daemon-kit-0.3.1/lib/daemon_kit/abstract_logger.rb:146:in `logger'
/home/bradleyd/.rvm/gems/ruby-2.1.2@wameku_config_consumer/gems/daemon-kit-0.3.1/lib/daemon_kit/abstract_logger.rb:142:in `level='
/home/bradleyd/.rvm/gems/ruby-2.1.2@wameku_config_consumer/gems/daemon-kit-0.3.1/lib/daemon_kit/initializer.rb:175:in `initialize_logger'
/home/bradleyd/.rvm/gems/ruby-2.1.2@wameku_config_consumer/gems/daemon-kit-0.3.1/lib/daemon_kit/initializer.rb:106:in `after_daemonize'
/home/bradleyd/.rvm/gems/ruby-2.1.2@wameku_config_consumer/gems/daemon-kit-0.3.1/lib/daemon_kit/initializer.rb:59:in `continue!'
/home/bradleyd/.rvm/gems/ruby-2.1.2@wameku_config_consumer/gems/daemon-kit-0.3.1/lib/daemon_kit/application.rb:93:in `running!'
/home/bradleyd/Projects/config_consumer/spec/spec_helper.rb:11:in `<top (required)>'
/home/bradleyd/.rvm/rubies/ruby-2.1.2/lib/ruby/2.1.0/rubygems/core_ext/kernel_require.rb:55:in `require'
/home/bradleyd/.rvm/rubies/ruby-2.1.2/lib/ruby/2.1.0/rubygems/core_ext/kernel_require.rb:55:in `require'
/home/bradleyd/Projects/config_consumer/spec/config_consumer_spec.rb:1:in `<top (required)>'
/home/bradleyd/.rvm/gems/ruby-2.1.2@wameku_config_consumer/gems/rspec-core-3.1.5/lib/rspec/core/configuration.rb:1105:in `load'
/home/bradleyd/.rvm/gems/ruby-2.1.2@wameku_config_consumer/gems/rspec-core-3.1.5/lib/rspec/core/configuration.rb:1105:in `block in load_spec_files'
/home/bradleyd/.rvm/gems/ruby-2.1.2@wameku_config_consumer/gems/rspec-core-3.1.5/lib/rspec/core/configuration.rb:1105:in `each'
/home/bradleyd/.rvm/gems/ruby-2.1.2@wameku_config_consumer/gems/rspec-core-3.1.5/lib/rspec/core/configuration.rb:1105:in `load_spec_files'
/home/bradleyd/.rvm/gems/ruby-2.1.2@wameku_config_consumer/gems/rspec-core-3.1.5/lib/rspec/core/runner.rb:96:in `setup'
/home/bradleyd/.rvm/gems/ruby-2.1.2@wameku_config_consumer/gems/rspec-core-3.1.5/lib/rspec/core/runner.rb:84:in `run'
/home/bradleyd/.rvm/gems/ruby-2.1.2@wameku_config_consumer/gems/rspec-core-3.1.5/lib/rspec/core/runner.rb:69:in `run'
/home/bradleyd/.rvm/gems/ruby-2.1.2@wameku_config_consumer/gems/rspec-core-3.1.5/lib/rspec/core/runner.rb:37:in `invoke'
/home/bradleyd/.rvm/gems/ruby-2.1.2@wameku_config_consumer/gems/rspec-core-3.1.5/exe/rspec:4:in `<top (required)>'
/home/bradleyd/.rvm/gems/ruby-2.1.2@wameku_config_consumer/bin/rspec:23:in `load'
/home/bradleyd/.rvm/gems/ruby-2.1.2@wameku_config_consumer/bin/rspec:23:in `<main>'
