# Logfile created on 2014-10-06 21:24:04 -0600 by logger.rb/44203
I, [2014-10-06T21:24:04.330102 #27476]  INFO -- : 0:  rake (10.3.2) from /home/bradleyd/.rvm/gems/ruby-2.1.2@wameku_config_consumer/specifications/rake-10.3.2.gemspec
I, [2014-10-06T21:24:05.349480 #27476]  INFO -- : 0:  amq-protocol (1.9.2) from /home/bradleyd/.rvm/gems/ruby-2.1.2@wameku_config_consumer/specifications/amq-protocol-1.9.2.gemspec
I, [2014-10-06T21:24:05.350458 #27476]  INFO -- : 0:  eventmachine (1.0.3) from /home/bradleyd/.rvm/gems/ruby-2.1.2@wameku_config_consumer/specifications/eventmachine-1.0.3.gemspec
I, [2014-10-06T21:24:07.619061 #27476]  INFO -- : 0:  amqp (1.5.0) from /home/bradleyd/.rvm/gems/ruby-2.1.2@wameku_config_consumer/specifications/amqp-1.5.0.gemspec
I, [2014-10-06T21:24:07.620035 #27476]  INFO -- : 0:  thor (0.19.1) from /home/bradleyd/.rvm/gems/ruby-2.1.2@wameku_config_consumer/specifications/thor-0.19.1.gemspec
I, [2014-10-06T21:24:07.620781 #27476]  INFO -- : 0:  daemon-kit (0.3.1) from /home/bradleyd/.rvm/gems/ruby-2.1.2@wameku_config_consumer/specifications/daemon-kit-0.3.1.gemspec
I, [2014-10-06T21:24:08.372104 #27476]  INFO -- : 0:  diff-lcs (1.2.5) from /home/bradleyd/.rvm/gems/ruby-2.1.2@wameku_config_consumer/specifications/diff-lcs-1.2.5.gemspec
I, [2014-10-06T21:24:09.143361 #27476]  INFO -- : 0:  rspec-support (3.1.1) from /home/bradleyd/.rvm/gems/ruby-2.1.2@wameku_config_consumer/specifications/rspec-support-3.1.1.gemspec
I, [2014-10-06T21:24:10.318172 #27476]  INFO -- : 0:  rspec-core (3.1.5) from /home/bradleyd/.rvm/gems/ruby-2.1.2@wameku_config_consumer/specifications/rspec-core-3.1.5.gemspec
I, [2014-10-06T21:24:11.163114 #27476]  INFO -- : 0:  rspec-expectations (3.1.2) from /home/bradleyd/.rvm/gems/ruby-2.1.2@wameku_config_consumer/specifications/rspec-expectations-3.1.2.gemspec
I, [2014-10-06T21:24:12.141015 #27476]  INFO -- : 0:  rspec-mocks (3.1.2) from /home/bradleyd/.rvm/gems/ruby-2.1.2@wameku_config_consumer/specifications/rspec-mocks-3.1.2.gemspec
I, [2014-10-06T21:24:12.786160 #27476]  INFO -- : 0:  rspec (3.1.0) from /home/bradleyd/.rvm/gems/ruby-2.1.2@wameku_config_consumer/specifications/rspec-3.1.0.gemspec
I, [2014-10-06T21:24:13.293187 #27476]  INFO -- : 0:  safely (0.3.2) from /home/bradleyd/.rvm/gems/ruby-2.1.2@wameku_config_consumer/specifications/safely-0.3.2.gemspec
I, [2014-10-06T21:24:13.294016 #27476]  INFO -- : 0:  bundler (1.5.1) from /home/bradleyd/.rvm/gems/ruby-2.1.2@global/specifications/bundler-1.5.1.gemspec
I, [2014-10-06T21:24:44.088965 #27587]  INFO -- : 0:  rake (10.3.2) from /home/bradleyd/.rvm/gems/ruby-2.1.2@wameku_config_consumer/specifications/rake-10.3.2.gemspec
I, [2014-10-06T21:24:44.089546 #27587]  INFO -- : 0:  amq-protocol (1.9.2) from /home/bradleyd/.rvm/gems/ruby-2.1.2@wameku_config_consumer/specifications/amq-protocol-1.9.2.gemspec
I, [2014-10-06T21:24:44.089867 #27587]  INFO -- : 0:  eventmachine (1.0.3) from /home/bradleyd/.rvm/gems/ruby-2.1.2@wameku_config_consumer/specifications/eventmachine-1.0.3.gemspec
I, [2014-10-06T21:24:44.090198 #27587]  INFO -- : 0:  amqp (1.5.0) from /home/bradleyd/.rvm/gems/ruby-2.1.2@wameku_config_consumer/specifications/amqp-1.5.0.gemspec
I, [2014-10-06T21:24:44.090494 #27587]  INFO -- : 0:  thor (0.19.1) from /home/bradleyd/.rvm/gems/ruby-2.1.2@wameku_config_consumer/specifications/thor-0.19.1.gemspec
I, [2014-10-06T21:24:44.090792 #27587]  INFO -- : 0:  daemon-kit (0.3.1) from /home/bradleyd/.rvm/gems/ruby-2.1.2@wameku_config_consumer/specifications/daemon-kit-0.3.1.gemspec
I, [2014-10-06T21:24:44.091107 #27587]  INFO -- : 0:  diff-lcs (1.2.5) from /home/bradleyd/.rvm/gems/ruby-2.1.2@wameku_config_consumer/specifications/diff-lcs-1.2.5.gemspec
I, [2014-10-06T21:24:44.581868 #27587]  INFO -- : 0:  metaclass (0.0.4) from /home/bradleyd/.rvm/gems/ruby-2.1.2@wameku_config_consumer/specifications/metaclass-0.0.4.gemspec
I, [2014-10-06T21:24:45.696705 #27587]  INFO -- : 0:  mocha (1.1.0) from /home/bradleyd/.rvm/gems/ruby-2.1.2@wameku_config_consumer/specifications/mocha-1.1.0.gemspec
I, [2014-10-06T21:24:45.697890 #27587]  INFO -- : 0:  rspec-support (3.1.1) from /home/bradleyd/.rvm/gems/ruby-2.1.2@wameku_config_consumer/specifications/rspec-support-3.1.1.gemspec
I, [2014-10-06T21:24:45.698843 #27587]  INFO -- : 0:  rspec-core (3.1.5) from /home/bradleyd/.rvm/gems/ruby-2.1.2@wameku_config_consumer/specifications/rspec-core-3.1.5.gemspec
I, [2014-10-06T21:24:45.699776 #27587]  INFO -- : 0:  rspec-expectations (3.1.2) from /home/bradleyd/.rvm/gems/ruby-2.1.2@wameku_config_consumer/specifications/rspec-expectations-3.1.2.gemspec
I, [2014-10-06T21:24:45.700633 #27587]  INFO -- : 0:  rspec-mocks (3.1.2) from /home/bradleyd/.rvm/gems/ruby-2.1.2@wameku_config_consumer/specifications/rspec-mocks-3.1.2.gemspec
I, [2014-10-06T21:24:45.701531 #27587]  INFO -- : 0:  rspec (3.1.0) from /home/bradleyd/.rvm/gems/ruby-2.1.2@wameku_config_consumer/specifications/rspec-3.1.0.gemspec
I, [2014-10-06T21:24:45.702369 #27587]  INFO -- : 0:  safely (0.3.2) from /home/bradleyd/.rvm/gems/ruby-2.1.2@wameku_config_consumer/specifications/safely-0.3.2.gemspec
I, [2014-10-06T21:24:45.703172 #27587]  INFO -- : 0:  bundler (1.5.1) from /home/bradleyd/.rvm/gems/ruby-2.1.2@global/specifications/bundler-1.5.1.gemspec
